<?xml version="1.0" encoding="UTF-8"?>
<!-- Generated by org.testng.reporters.JUnitXMLReporter -->
<testsuite hostname="sairam-PC" name="firefoxTest" tests="4" failures="0" timestamp="6 Mar 2017 16:21:15 GMT" time="33.705" errors="0">
  <testcase name="loginTest" time="0.8" classname="com.azure.DeviceTest"/>
  <testcase name="verifySortDefalutVal" time="16.749" classname="com.azure.DeviceTest"/>
  <testcase name="verifySearchHint" time="0.031" classname="com.azure.DeviceTest"/>
  <testcase name="verifydropdwonval" time="0.243" classname="com.azure.DeviceTest"/>
</testsuite> <!-- firefoxTest -->
