<?xml version="1.0" encoding="UTF-8"?>
<testng-results skipped="0" failed="0" total="4" passed="4">
  <reporter-output>
  </reporter-output>
  <suite name="Suite" duration-ms="33705" started-at="2017-03-06T16:20:41Z" finished-at="2017-03-06T16:21:15Z">
    <groups>
    </groups>
    <test name="firefoxTest" duration-ms="33705" started-at="2017-03-06T16:20:41Z" finished-at="2017-03-06T16:21:15Z">
      <class name="com.azure.DeviceTest">
        <test-method status="PASS" signature="openBrowser(java.lang.String)[pri:0, instance:com.azure.DeviceTest@2f32ff]" name="openBrowser" is-config="true" duration-ms="13942" started-at="2017-03-06T21:50:41Z" finished-at="2017-03-06T21:50:55Z">
          <params>
            <param index="0">
              <value>
                <![CDATA[chrome]]>
              </value>
            </param>
          </params>
          <reporter-output>
          </reporter-output>
        </test-method> <!-- openBrowser -->
        <test-method status="PASS" signature="loginTest()[pri:1, instance:com.azure.DeviceTest@2f32ff]" name="loginTest" duration-ms="800" started-at="2017-03-06T21:50:55Z" finished-at="2017-03-06T21:50:56Z">
          <reporter-output>
          </reporter-output>
        </test-method> <!-- loginTest -->
        <test-method status="PASS" signature="verifySortDefalutVal()[pri:2, instance:com.azure.DeviceTest@2f32ff]" name="verifySortDefalutVal" duration-ms="16749" started-at="2017-03-06T21:50:56Z" finished-at="2017-03-06T21:51:13Z">
          <reporter-output>
          </reporter-output>
        </test-method> <!-- verifySortDefalutVal -->
        <test-method status="PASS" signature="verifySearchHint()[pri:3, instance:com.azure.DeviceTest@2f32ff]" name="verifySearchHint" duration-ms="31" started-at="2017-03-06T21:51:13Z" finished-at="2017-03-06T21:51:13Z">
          <reporter-output>
          </reporter-output>
        </test-method> <!-- verifySearchHint -->
        <test-method status="PASS" signature="verifydropdwonval()[pri:4, instance:com.azure.DeviceTest@2f32ff]" name="verifydropdwonval" duration-ms="243" started-at="2017-03-06T21:51:13Z" finished-at="2017-03-06T21:51:13Z">
          <reporter-output>
          </reporter-output>
        </test-method> <!-- verifydropdwonval -->
        <test-method status="PASS" signature="close()[pri:0, instance:com.azure.DeviceTest@2f32ff]" name="close" is-config="true" duration-ms="1832" started-at="2017-03-06T21:51:13Z" finished-at="2017-03-06T21:51:15Z">
          <reporter-output>
          </reporter-output>
        </test-method> <!-- close -->
      </class> <!-- com.azure.DeviceTest -->
    </test> <!-- firefoxTest -->
  </suite> <!-- Suite -->
</testng-results>
